<?xml version="1.0" encoding="UTF-8"?>
<testng-results ignored="0" total="3" passed="3" failed="0" skipped="0">
  <reporter-output>
  </reporter-output>
  <suite started-at="2024-02-08T13:23:41 SAST" name="Suite" finished-at="2024-02-08T13:25:00 SAST" duration-ms="78468">
    <groups>
    </groups>
    <test started-at="2024-02-08T13:23:41 SAST" name="ChromeTest" finished-at="2024-02-08T13:24:05 SAST" duration-ms="23784">
      <class name="qa.tests.Testcase1">
        <test-method is-config="true" signature="startReport()[pri:0, instance:qa.tests.Testcase1@1e1a0406]" started-at="2024-02-08T13:23:41 SAST" name="startReport" finished-at="2024-02-08T13:23:42 SAST" duration-ms="833" status="PASS">
          <reporter-output>
          </reporter-output>
        </test-method> <!-- startReport -->
        <test-method is-config="true" signature="setup(java.lang.String,java.lang.reflect.Method)[pri:0, instance:qa.tests.Testcase1@1e1a0406]" started-at="2024-02-08T13:23:42 SAST" name="setup" finished-at="2024-02-08T13:24:00 SAST" duration-ms="17764" status="PASS">
          <params>
            <param index="0">
              <value>
                <![CDATA[chrome]]>
              </value>
            </param>
            <param index="1">
              <value>
                <![CDATA[public void qa.tests.Testcase1.testMethodForEnteringCredentials()]]>
              </value>
            </param>
          </params>
          <reporter-output>
          </reporter-output>
        </test-method> <!-- setup -->
        <test-method signature="testMethodForEnteringCredentials()[pri:0, instance:qa.tests.Testcase1@1e1a0406]" started-at="2024-02-08T13:24:00 SAST" name="testMethodForEnteringCredentials" finished-at="2024-02-08T13:24:04 SAST" duration-ms="4313" status="PASS">
          <reporter-output>
          </reporter-output>
        </test-method> <!-- testMethodForEnteringCredentials -->
        <test-method is-config="true" signature="getResult(org.testng.ITestResult)[pri:0, instance:qa.tests.Testcase1@1e1a0406]" started-at="2024-02-08T13:24:04 SAST" name="getResult" finished-at="2024-02-08T13:24:05 SAST" duration-ms="463" status="PASS">
          <params>
            <param index="0">
              <value>
                <![CDATA[[TestResult name=testMethodForEnteringCredentials status=SUCCESS method=Testcase1.testMethodForEnteringCredentials()[pri:0, instance:qa.tests.Testcase1@1e1a0406] output={null}]]]>
              </value>
            </param>
          </params>
          <reporter-output>
          </reporter-output>
        </test-method> <!-- getResult -->
        <test-method is-config="true" signature="endReport()[pri:0, instance:qa.tests.Testcase1@1e1a0406]" started-at="2024-02-08T13:24:05 SAST" name="endReport" finished-at="2024-02-08T13:24:05 SAST" duration-ms="378" status="PASS">
          <reporter-output>
          </reporter-output>
        </test-method> <!-- endReport -->
      </class> <!-- qa.tests.Testcase1 -->
    </test> <!-- ChromeTest -->
    <test started-at="2024-02-08T13:24:05 SAST" name="FireFoxTest" finished-at="2024-02-08T13:24:39 SAST" duration-ms="33387">
      <class name="qa.tests.Testcase1">
        <test-method is-config="true" signature="startReport()[pri:0, instance:qa.tests.Testcase1@5677323c]" started-at="2024-02-08T13:24:05 SAST" name="startReport" finished-at="2024-02-08T13:24:05 SAST" duration-ms="1" status="PASS">
          <reporter-output>
          </reporter-output>
        </test-method> <!-- startReport -->
        <test-method is-config="true" signature="setup(java.lang.String,java.lang.reflect.Method)[pri:0, instance:qa.tests.Testcase1@5677323c]" started-at="2024-02-08T13:24:05 SAST" name="setup" finished-at="2024-02-08T13:24:26 SAST" duration-ms="20525" status="PASS">
          <params>
            <param index="0">
              <value>
                <![CDATA[firefox]]>
              </value>
            </param>
            <param index="1">
              <value>
                <![CDATA[public void qa.tests.Testcase1.testMethodForEnteringCredentials()]]>
              </value>
            </param>
          </params>
          <reporter-output>
          </reporter-output>
        </test-method> <!-- setup -->
        <test-method signature="testMethodForEnteringCredentials()[pri:0, instance:qa.tests.Testcase1@5677323c]" started-at="2024-02-08T13:24:26 SAST" name="testMethodForEnteringCredentials" finished-at="2024-02-08T13:24:33 SAST" duration-ms="6902" status="PASS">
          <reporter-output>
          </reporter-output>
        </test-method> <!-- testMethodForEnteringCredentials -->
        <test-method is-config="true" signature="getResult(org.testng.ITestResult)[pri:0, instance:qa.tests.Testcase1@5677323c]" started-at="2024-02-08T13:24:33 SAST" name="getResult" finished-at="2024-02-08T13:24:39 SAST" duration-ms="5890" status="PASS">
          <params>
            <param index="0">
              <value>
                <![CDATA[[TestResult name=testMethodForEnteringCredentials status=SUCCESS method=Testcase1.testMethodForEnteringCredentials()[pri:0, instance:qa.tests.Testcase1@5677323c] output={null}]]]>
              </value>
            </param>
          </params>
          <reporter-output>
          </reporter-output>
        </test-method> <!-- getResult -->
        <test-method is-config="true" signature="endReport()[pri:0, instance:qa.tests.Testcase1@5677323c]" started-at="2024-02-08T13:24:39 SAST" name="endReport" finished-at="2024-02-08T13:24:39 SAST" duration-ms="63" status="PASS">
          <reporter-output>
          </reporter-output>
        </test-method> <!-- endReport -->
      </class> <!-- qa.tests.Testcase1 -->
    </test> <!-- FireFoxTest -->
    <test started-at="2024-02-08T13:24:39 SAST" name="EdgeTest" finished-at="2024-02-08T13:25:00 SAST" duration-ms="21044">
      <class name="qa.tests.Testcase1">
        <test-method is-config="true" signature="startReport()[pri:0, instance:qa.tests.Testcase1@4686afc2]" started-at="2024-02-08T13:24:39 SAST" name="startReport" finished-at="2024-02-08T13:24:39 SAST" duration-ms="1" status="PASS">
          <reporter-output>
          </reporter-output>
        </test-method> <!-- startReport -->
        <test-method is-config="true" signature="setup(java.lang.String,java.lang.reflect.Method)[pri:0, instance:qa.tests.Testcase1@4686afc2]" started-at="2024-02-08T13:24:39 SAST" name="setup" finished-at="2024-02-08T13:24:55 SAST" duration-ms="16492" status="PASS">
          <params>
            <param index="0">
              <value>
                <![CDATA[edge]]>
              </value>
            </param>
            <param index="1">
              <value>
                <![CDATA[public void qa.tests.Testcase1.testMethodForEnteringCredentials()]]>
              </value>
            </param>
          </params>
          <reporter-output>
          </reporter-output>
        </test-method> <!-- setup -->
        <test-method signature="testMethodForEnteringCredentials()[pri:0, instance:qa.tests.Testcase1@4686afc2]" started-at="2024-02-08T13:24:55 SAST" name="testMethodForEnteringCredentials" finished-at="2024-02-08T13:25:00 SAST" duration-ms="4188" status="PASS">
          <reporter-output>
          </reporter-output>
        </test-method> <!-- testMethodForEnteringCredentials -->
        <test-method is-config="true" signature="getResult(org.testng.ITestResult)[pri:0, instance:qa.tests.Testcase1@4686afc2]" started-at="2024-02-08T13:25:00 SAST" name="getResult" finished-at="2024-02-08T13:25:00 SAST" duration-ms="303" status="PASS">
          <params>
            <param index="0">
              <value>
                <![CDATA[[TestResult name=testMethodForEnteringCredentials status=SUCCESS method=Testcase1.testMethodForEnteringCredentials()[pri:0, instance:qa.tests.Testcase1@4686afc2] output={null}]]]>
              </value>
            </param>
          </params>
          <reporter-output>
          </reporter-output>
        </test-method> <!-- getResult -->
        <test-method is-config="true" signature="endReport()[pri:0, instance:qa.tests.Testcase1@4686afc2]" started-at="2024-02-08T13:25:00 SAST" name="endReport" finished-at="2024-02-08T13:25:00 SAST" duration-ms="57" status="PASS">
          <reporter-output>
          </reporter-output>
        </test-method> <!-- endReport -->
      </class> <!-- qa.tests.Testcase1 -->
    </test> <!-- EdgeTest -->
  </suite> <!-- Suite -->
</testng-results>
