<?xml version="1.0" encoding="UTF-8"?>
<testng-results ignored="0" total="2" passed="2" failed="0" skipped="0">
  <reporter-output>
  </reporter-output>
  <suite started-at="2023-12-22T21:35:28 SAST" name="Suite" finished-at="2023-12-22T21:36:18 SAST" duration-ms="50060">
    <groups>
    </groups>
    <test started-at="2023-12-22T21:35:28 SAST" name="ChromeTest" finished-at="2023-12-22T21:35:43 SAST" duration-ms="15056">
      <class name="qa.tests.Testcase1">
        <test-method is-config="true" signature="startReport()[pri:0, instance:qa.tests.Testcase1@1e1a0406]" started-at="2023-12-22T21:35:28 SAST" name="startReport" finished-at="2023-12-22T21:35:28 SAST" duration-ms="267" status="PASS">
          <reporter-output>
          </reporter-output>
        </test-method> <!-- startReport -->
        <test-method is-config="true" signature="setup(java.lang.String,java.lang.reflect.Method)[pri:0, instance:qa.tests.Testcase1@1e1a0406]" started-at="2023-12-22T21:35:28 SAST" name="setup" finished-at="2023-12-22T21:35:37 SAST" duration-ms="8998" status="PASS">
          <params>
            <param index="0">
              <value>
                <![CDATA[chrome]]>
              </value>
            </param>
            <param index="1">
              <value>
                <![CDATA[public void qa.tests.Testcase1.testMethodForEnteringCredentials()]]>
              </value>
            </param>
          </params>
          <reporter-output>
          </reporter-output>
        </test-method> <!-- setup -->
        <test-method signature="testMethodForEnteringCredentials()[pri:0, instance:qa.tests.Testcase1@1e1a0406]" started-at="2023-12-22T21:35:37 SAST" name="testMethodForEnteringCredentials" finished-at="2023-12-22T21:35:42 SAST" duration-ms="5070" status="PASS">
          <reporter-output>
          </reporter-output>
        </test-method> <!-- testMethodForEnteringCredentials -->
        <test-method is-config="true" signature="getResult(org.testng.ITestResult)[pri:0, instance:qa.tests.Testcase1@1e1a0406]" started-at="2023-12-22T21:35:42 SAST" name="getResult" finished-at="2023-12-22T21:35:43 SAST" duration-ms="414" status="PASS">
          <params>
            <param index="0">
              <value>
                <![CDATA[[TestResult name=testMethodForEnteringCredentials status=SUCCESS method=Testcase1.testMethodForEnteringCredentials()[pri:0, instance:qa.tests.Testcase1@1e1a0406] output={null}]]]>
              </value>
            </param>
          </params>
          <reporter-output>
          </reporter-output>
        </test-method> <!-- getResult -->
        <test-method is-config="true" signature="endReport()[pri:0, instance:qa.tests.Testcase1@1e1a0406]" started-at="2023-12-22T21:35:43 SAST" name="endReport" finished-at="2023-12-22T21:35:43 SAST" duration-ms="274" status="PASS">
          <reporter-output>
          </reporter-output>
        </test-method> <!-- endReport -->
      </class> <!-- qa.tests.Testcase1 -->
    </test> <!-- ChromeTest -->
    <test started-at="2023-12-22T21:35:43 SAST" name="FireFoxTest" finished-at="2023-12-22T21:36:18 SAST" duration-ms="34979">
      <class name="qa.tests.Testcase1">
        <test-method is-config="true" signature="startReport()[pri:0, instance:qa.tests.Testcase1@5677323c]" started-at="2023-12-22T21:35:43 SAST" name="startReport" finished-at="2023-12-22T21:35:43 SAST" duration-ms="0" status="PASS">
          <reporter-output>
          </reporter-output>
        </test-method> <!-- startReport -->
        <test-method is-config="true" signature="setup(java.lang.String,java.lang.reflect.Method)[pri:0, instance:qa.tests.Testcase1@5677323c]" started-at="2023-12-22T21:35:43 SAST" name="setup" finished-at="2023-12-22T21:35:58 SAST" duration-ms="14750" status="PASS">
          <params>
            <param index="0">
              <value>
                <![CDATA[firefox]]>
              </value>
            </param>
            <param index="1">
              <value>
                <![CDATA[public void qa.tests.Testcase1.testMethodForEnteringCredentials()]]>
              </value>
            </param>
          </params>
          <reporter-output>
          </reporter-output>
        </test-method> <!-- setup -->
        <test-method signature="testMethodForEnteringCredentials()[pri:0, instance:qa.tests.Testcase1@5677323c]" started-at="2023-12-22T21:35:58 SAST" name="testMethodForEnteringCredentials" finished-at="2023-12-22T21:36:16 SAST" duration-ms="18165" status="PASS">
          <reporter-output>
          </reporter-output>
        </test-method> <!-- testMethodForEnteringCredentials -->
        <test-method is-config="true" signature="getResult(org.testng.ITestResult)[pri:0, instance:qa.tests.Testcase1@5677323c]" started-at="2023-12-22T21:36:16 SAST" name="getResult" finished-at="2023-12-22T21:36:18 SAST" duration-ms="1818" status="PASS">
          <params>
            <param index="0">
              <value>
                <![CDATA[[TestResult name=testMethodForEnteringCredentials status=SUCCESS method=Testcase1.testMethodForEnteringCredentials()[pri:0, instance:qa.tests.Testcase1@5677323c] output={null}]]]>
              </value>
            </param>
          </params>
          <reporter-output>
          </reporter-output>
        </test-method> <!-- getResult -->
        <test-method is-config="true" signature="endReport()[pri:0, instance:qa.tests.Testcase1@5677323c]" started-at="2023-12-22T21:36:18 SAST" name="endReport" finished-at="2023-12-22T21:36:18 SAST" duration-ms="242" status="PASS">
          <reporter-output>
          </reporter-output>
        </test-method> <!-- endReport -->
      </class> <!-- qa.tests.Testcase1 -->
    </test> <!-- FireFoxTest -->
  </suite> <!-- Suite -->
</testng-results>
